
*** Running vivado
    with args -log counter.vds -m64 -product Vivado -mode batch -messageDb vivado.pb -notrace -source counter.tcl


****** Vivado v2016.4 (64-bit)
  **** SW Build 1756540 on Mon Jan 23 19:11:23 MST 2017
  **** IP Build 1755317 on Mon Jan 23 20:30:07 MST 2017
    ** Copyright 1986-2016 Xilinx, Inc. All Rights Reserved.

source counter.tcl -notrace
Command: synth_design -top counter -part xc7a35ticsg324-1L
Starting synth_design
Attempting to get a license for feature 'Synthesis' and/or device 'xc7a35ti'
INFO: [Common 17-349] Got license for feature 'Synthesis' and/or device 'xc7a35ti'
INFO: Launching helper process for spawning children vivado processes
INFO: Helper process launched with PID 2552 
---------------------------------------------------------------------------------
Starting RTL Elaboration : Time (s): cpu = 00:00:07 ; elapsed = 00:00:09 . Memory (MB): peak = 333.766 ; gain = 123.570
---------------------------------------------------------------------------------
INFO: [Synth 8-638] synthesizing module 'counter' [D:/Code/VHDL/BraitenbergIP/project_1.srcs/sources_1/new/counter.vhd:49]
	Parameter DATA_WIDTH bound to: 4 - type: integer 
INFO: [Synth 8-256] done synthesizing module 'counter' (1#1) [D:/Code/VHDL/BraitenbergIP/project_1.srcs/sources_1/new/counter.vhd:49]
---------------------------------------------------------------------------------
Finished RTL Elaboration : Time (s): cpu = 00:00:08 ; elapsed = 00:00:10 . Memory (MB): peak = 371.281 ; gain = 161.086
---------------------------------------------------------------------------------

Report Check Netlist: 
+------+------------------+-------+---------+-------+------------------+
|      |Item              |Errors |Warnings |Status |Description       |
+------+------------------+-------+---------+-------+------------------+
|1     |multi_driven_nets |      0|        0|Passed |Multi driven nets |
+------+------------------+-------+---------+-------+------------------+
---------------------------------------------------------------------------------
Finished RTL Optimization Phase 1 : Time (s): cpu = 00:00:08 ; elapsed = 00:00:10 . Memory (MB): peak = 371.281 ; gain = 161.086
---------------------------------------------------------------------------------
INFO: [Device 21-403] Loading part xc7a35ticsg324-1L
INFO: [Project 1-570] Preparing netlist for logic optimization

Processing XDC Constraints
Initializing timing engine
Parsing XDC File [D:/Code/VHDL/BraitenbergIP/project_1.srcs/constrs_1/new/constr.xdc]
WARNING: [Vivado 12-584] No ports matched 'CLK100MHZ'. [D:/Code/VHDL/BraitenbergIP/project_1.srcs/constrs_1/new/constr.xdc:9]
CRITICAL WARNING: [Common 17-55] 'set_property' expects at least one object. [D:/Code/VHDL/BraitenbergIP/project_1.srcs/constrs_1/new/constr.xdc:9]
Resolution: If [get_<value>] was used to populate the object, check to make sure this command returns at least one valid object.
WARNING: [Vivado 12-584] No ports matched 'CLK100MHZ'. [D:/Code/VHDL/BraitenbergIP/project_1.srcs/constrs_1/new/constr.xdc:10]
CRITICAL WARNING: [Vivado 12-4739] create_clock:No valid object(s) found for '-objects [get_ports CLK100MHZ]'. [D:/Code/VHDL/BraitenbergIP/project_1.srcs/constrs_1/new/constr.xdc:10]
Resolution: Check if the specified object(s) exists in the current design. If it does, ensure that the correct design hierarchy was specified for the object. If you are working with clocks, make sure create_clock was used to create the clock object before it is referenced.
WARNING: [Vivado 12-507] No nets matched 'clk_IBUF'. [D:/Code/VHDL/BraitenbergIP/project_1.srcs/constrs_1/new/constr.xdc:42]
CRITICAL WARNING: [Common 17-55] 'set_property' expects at least one object. [D:/Code/VHDL/BraitenbergIP/project_1.srcs/constrs_1/new/constr.xdc:42]
Resolution: If [get_<value>] was used to populate the object, check to make sure this command returns at least one valid object.
WARNING: [Vivado 12-584] No ports matched 'ck_an_n[0]'. [D:/Code/VHDL/BraitenbergIP/project_1.srcs/constrs_1/new/constr.xdc:112]
CRITICAL WARNING: [Common 17-55] 'set_property' expects at least one object. [D:/Code/VHDL/BraitenbergIP/project_1.srcs/constrs_1/new/constr.xdc:112]
Resolution: If [get_<value>] was used to populate the object, check to make sure this command returns at least one valid object.
WARNING: [Vivado 12-584] No ports matched 'ck_an_p[0]'. [D:/Code/VHDL/BraitenbergIP/project_1.srcs/constrs_1/new/constr.xdc:113]
CRITICAL WARNING: [Common 17-55] 'set_property' expects at least one object. [D:/Code/VHDL/BraitenbergIP/project_1.srcs/constrs_1/new/constr.xdc:113]
Resolution: If [get_<value>] was used to populate the object, check to make sure this command returns at least one valid object.
WARNING: [Vivado 12-584] No ports matched 'ck_an_n[1]'. [D:/Code/VHDL/BraitenbergIP/project_1.srcs/constrs_1/new/constr.xdc:114]
CRITICAL WARNING: [Common 17-55] 'set_property' expects at least one object. [D:/Code/VHDL/BraitenbergIP/project_1.srcs/constrs_1/new/constr.xdc:114]
Resolution: If [get_<value>] was used to populate the object, check to make sure this command returns at least one valid object.
WARNING: [Vivado 12-584] No ports matched 'ck_an_p[1]'. [D:/Code/VHDL/BraitenbergIP/project_1.srcs/constrs_1/new/constr.xdc:115]
CRITICAL WARNING: [Common 17-55] 'set_property' expects at least one object. [D:/Code/VHDL/BraitenbergIP/project_1.srcs/constrs_1/new/constr.xdc:115]
Resolution: If [get_<value>] was used to populate the object, check to make sure this command returns at least one valid object.
WARNING: [Vivado 12-584] No ports matched 'ck_an_n[2]'. [D:/Code/VHDL/BraitenbergIP/project_1.srcs/constrs_1/new/constr.xdc:116]
CRITICAL WARNING: [Common 17-55] 'set_property' expects at least one object. [D:/Code/VHDL/BraitenbergIP/project_1.srcs/constrs_1/new/constr.xdc:116]
Resolution: If [get_<value>] was used to populate the object, check to make sure this command returns at least one valid object.
WARNING: [Vivado 12-584] No ports matched 'ck_an_p[2]'. [D:/Code/VHDL/BraitenbergIP/project_1.srcs/constrs_1/new/constr.xdc:117]
CRITICAL WARNING: [Common 17-55] 'set_property' expects at least one object. [D:/Code/VHDL/BraitenbergIP/project_1.srcs/constrs_1/new/constr.xdc:117]
Resolution: If [get_<value>] was used to populate the object, check to make sure this command returns at least one valid object.
WARNING: [Vivado 12-584] No ports matched 'ck_an_n[3]'. [D:/Code/VHDL/BraitenbergIP/project_1.srcs/constrs_1/new/constr.xdc:118]
CRITICAL WARNING: [Common 17-55] 'set_property' expects at least one object. [D:/Code/VHDL/BraitenbergIP/project_1.srcs/constrs_1/new/constr.xdc:118]
Resolution: If [get_<value>] was used to populate the object, check to make sure this command returns at least one valid object.
WARNING: [Vivado 12-584] No ports matched 'ck_an_p[3]'. [D:/Code/VHDL/BraitenbergIP/project_1.srcs/constrs_1/new/constr.xdc:119]
CRITICAL WARNING: [Common 17-55] 'set_property' expects at least one object. [D:/Code/VHDL/BraitenbergIP/project_1.srcs/constrs_1/new/constr.xdc:119]
Resolution: If [get_<value>] was used to populate the object, check to make sure this command returns at least one valid object.
WARNING: [Vivado 12-584] No ports matched 'ck_an_n[4]'. [D:/Code/VHDL/BraitenbergIP/project_1.srcs/constrs_1/new/constr.xdc:120]
CRITICAL WARNING: [Common 17-55] 'set_property' expects at least one object. [D:/Code/VHDL/BraitenbergIP/project_1.srcs/constrs_1/new/constr.xdc:120]
Resolution: If [get_<value>] was used to populate the object, check to make sure this command returns at least one valid object.
WARNING: [Vivado 12-584] No ports matched 'ck_an_p[4]'. [D:/Code/VHDL/BraitenbergIP/project_1.srcs/constrs_1/new/constr.xdc:121]
CRITICAL WARNING: [Common 17-55] 'set_property' expects at least one object. [D:/Code/VHDL/BraitenbergIP/project_1.srcs/constrs_1/new/constr.xdc:121]
Resolution: If [get_<value>] was used to populate the object, check to make sure this command returns at least one valid object.
WARNING: [Vivado 12-584] No ports matched 'ck_an_n[5]'. [D:/Code/VHDL/BraitenbergIP/project_1.srcs/constrs_1/new/constr.xdc:122]
CRITICAL WARNING: [Common 17-55] 'set_property' expects at least one object. [D:/Code/VHDL/BraitenbergIP/project_1.srcs/constrs_1/new/constr.xdc:122]
Resolution: If [get_<value>] was used to populate the object, check to make sure this command returns at least one valid object.
WARNING: [Vivado 12-584] No ports matched 'ck_an_p[5]'. [D:/Code/VHDL/BraitenbergIP/project_1.srcs/constrs_1/new/constr.xdc:123]
CRITICAL WARNING: [Common 17-55] 'set_property' expects at least one object. [D:/Code/VHDL/BraitenbergIP/project_1.srcs/constrs_1/new/constr.xdc:123]
Resolution: If [get_<value>] was used to populate the object, check to make sure this command returns at least one valid object.
WARNING: [Vivado 12-584] No ports matched 'ck_an_p[6]'. [D:/Code/VHDL/BraitenbergIP/project_1.srcs/constrs_1/new/constr.xdc:155]
CRITICAL WARNING: [Common 17-55] 'set_property' expects at least one object. [D:/Code/VHDL/BraitenbergIP/project_1.srcs/constrs_1/new/constr.xdc:155]
Resolution: If [get_<value>] was used to populate the object, check to make sure this command returns at least one valid object.
WARNING: [Vivado 12-584] No ports matched 'ck_an_n[6]'. [D:/Code/VHDL/BraitenbergIP/project_1.srcs/constrs_1/new/constr.xdc:156]
CRITICAL WARNING: [Common 17-55] 'set_property' expects at least one object. [D:/Code/VHDL/BraitenbergIP/project_1.srcs/constrs_1/new/constr.xdc:156]
Resolution: If [get_<value>] was used to populate the object, check to make sure this command returns at least one valid object.
WARNING: [Vivado 12-584] No ports matched 'ck_an_p[7]'. [D:/Code/VHDL/BraitenbergIP/project_1.srcs/constrs_1/new/constr.xdc:157]
CRITICAL WARNING: [Common 17-55] 'set_property' expects at least one object. [D:/Code/VHDL/BraitenbergIP/project_1.srcs/constrs_1/new/constr.xdc:157]
Resolution: If [get_<value>] was used to populate the object, check to make sure this command returns at least one valid object.
WARNING: [Vivado 12-584] No ports matched 'ck_an_n[7]'. [D:/Code/VHDL/BraitenbergIP/project_1.srcs/constrs_1/new/constr.xdc:158]
CRITICAL WARNING: [Common 17-55] 'set_property' expects at least one object. [D:/Code/VHDL/BraitenbergIP/project_1.srcs/constrs_1/new/constr.xdc:158]
Resolution: If [get_<value>] was used to populate the object, check to make sure this command returns at least one valid object.
WARNING: [Vivado 12-584] No ports matched 'ck_an_p[8]'. [D:/Code/VHDL/BraitenbergIP/project_1.srcs/constrs_1/new/constr.xdc:159]
CRITICAL WARNING: [Common 17-55] 'set_property' expects at least one object. [D:/Code/VHDL/BraitenbergIP/project_1.srcs/constrs_1/new/constr.xdc:159]
Resolution: If [get_<value>] was used to populate the object, check to make sure this command returns at least one valid object.
WARNING: [Vivado 12-584] No ports matched 'ck_an_n[8]'. [D:/Code/VHDL/BraitenbergIP/project_1.srcs/constrs_1/new/constr.xdc:160]
CRITICAL WARNING: [Common 17-55] 'set_property' expects at least one object. [D:/Code/VHDL/BraitenbergIP/project_1.srcs/constrs_1/new/constr.xdc:160]
Resolution: If [get_<value>] was used to populate the object, check to make sure this command returns at least one valid object.
Finished Parsing XDC File [D:/Code/VHDL/BraitenbergIP/project_1.srcs/constrs_1/new/constr.xdc]
INFO: [Project 1-236] Implementation specific constraints were found while reading constraint file [D:/Code/VHDL/BraitenbergIP/project_1.srcs/constrs_1/new/constr.xdc]. These constraints will be ignored for synthesis but will be used in implementation. Impacted constraints are listed in the file [.Xil/counter_propImpl.xdc].
Resolution: To avoid this warning, move constraints listed in [.Xil/counter_propImpl.xdc] to another XDC file and exclude this new file from synthesis with the used_in_synthesis property (File Properties dialog in GUI) and re-run elaboration/synthesis.
Completed Processing XDC Constraints

INFO: [Project 1-111] Unisim Transformation Summary:
No Unisim elements were transformed.

Constraint Validation Runtime : Time (s): cpu = 00:00:00 ; elapsed = 00:00:00.002 . Memory (MB): peak = 594.203 ; gain = 0.000
---------------------------------------------------------------------------------
Finished Constraint Validation : Time (s): cpu = 00:00:16 ; elapsed = 00:00:19 . Memory (MB): peak = 594.203 ; gain = 384.008
---------------------------------------------------------------------------------
---------------------------------------------------------------------------------
Start Loading Part and Timing Information
---------------------------------------------------------------------------------
Loading part: xc7a35ticsg324-1L
---------------------------------------------------------------------------------
Finished Loading Part and Timing Information : Time (s): cpu = 00:00:16 ; elapsed = 00:00:19 . Memory (MB): peak = 594.203 ; gain = 384.008
---------------------------------------------------------------------------------
---------------------------------------------------------------------------------
Start Applying 'set_property' XDC Constraints
---------------------------------------------------------------------------------
---------------------------------------------------------------------------------
Finished applying 'set_property' XDC Constraints : Time (s): cpu = 00:00:16 ; elapsed = 00:00:19 . Memory (MB): peak = 594.203 ; gain = 384.008
---------------------------------------------------------------------------------
---------------------------------------------------------------------------------
Finished RTL Optimization Phase 2 : Time (s): cpu = 00:00:17 ; elapsed = 00:00:19 . Memory (MB): peak = 594.203 ; gain = 384.008
---------------------------------------------------------------------------------

Report RTL Partitions: 
+-+--------------+------------+----------+
| |RTL Partition |Replication |Instances |
+-+--------------+------------+----------+
+-+--------------+------------+----------+
---------------------------------------------------------------------------------
Start RTL Component Statistics 
---------------------------------------------------------------------------------
Detailed RTL Component Info : 
+---Adders : 
	   2 Input      4 Bit       Adders := 1     
+---Registers : 
	                4 Bit    Registers := 1     
---------------------------------------------------------------------------------
Finished RTL Component Statistics 
---------------------------------------------------------------------------------
---------------------------------------------------------------------------------
Start RTL Hierarchical Component Statistics 
---------------------------------------------------------------------------------
Hierarchical RTL Component report 
Module counter 
Detailed RTL Component Info : 
+---Adders : 
	   2 Input      4 Bit       Adders := 1     
+---Registers : 
	                4 Bit    Registers := 1     
---------------------------------------------------------------------------------
Finished RTL Hierarchical Component Statistics
---------------------------------------------------------------------------------
---------------------------------------------------------------------------------
Start Part Resource Summary
---------------------------------------------------------------------------------
Part Resources:
DSPs: 90 (col length:60)
BRAMs: 100 (col length: RAMB18 60 RAMB36 30)
---------------------------------------------------------------------------------
Finished Part Resource Summary
---------------------------------------------------------------------------------
---------------------------------------------------------------------------------
Start Cross Boundary and Area Optimization
---------------------------------------------------------------------------------
---------------------------------------------------------------------------------
Finished Cross Boundary and Area Optimization : Time (s): cpu = 00:00:17 ; elapsed = 00:00:20 . Memory (MB): peak = 594.203 ; gain = 384.008
---------------------------------------------------------------------------------

Report RTL Partitions: 
+-+--------------+------------+----------+
| |RTL Partition |Replication |Instances |
+-+--------------+------------+----------+
+-+--------------+------------+----------+
---------------------------------------------------------------------------------
Start Timing Optimization
---------------------------------------------------------------------------------
---------------------------------------------------------------------------------
Start Applying XDC Timing Constraints
---------------------------------------------------------------------------------
---------------------------------------------------------------------------------
Finished Applying XDC Timing Constraints : Time (s): cpu = 00:00:27 ; elapsed = 00:00:31 . Memory (MB): peak = 616.195 ; gain = 406.000
---------------------------------------------------------------------------------
---------------------------------------------------------------------------------
Finished Timing Optimization : Time (s): cpu = 00:00:27 ; elapsed = 00:00:31 . Memory (MB): peak = 616.195 ; gain = 406.000
---------------------------------------------------------------------------------

Report RTL Partitions: 
+-+--------------+------------+----------+
| |RTL Partition |Replication |Instances |
+-+--------------+------------+----------+
+-+--------------+------------+----------+
---------------------------------------------------------------------------------
Start Technology Mapping
---------------------------------------------------------------------------------
---------------------------------------------------------------------------------
Finished Technology Mapping : Time (s): cpu = 00:00:27 ; elapsed = 00:00:31 . Memory (MB): peak = 625.883 ; gain = 415.688
---------------------------------------------------------------------------------

Report RTL Partitions: 
+-+--------------+------------+----------+
| |RTL Partition |Replication |Instances |
+-+--------------+------------+----------+
+-+--------------+------------+----------+
---------------------------------------------------------------------------------
Start IO Insertion
---------------------------------------------------------------------------------
---------------------------------------------------------------------------------
Start Flattening Before IO Insertion
---------------------------------------------------------------------------------
---------------------------------------------------------------------------------
Finished Flattening Before IO Insertion
---------------------------------------------------------------------------------
---------------------------------------------------------------------------------
Start Final Netlist Cleanup
---------------------------------------------------------------------------------
---------------------------------------------------------------------------------
Finished Final Netlist Cleanup
---------------------------------------------------------------------------------
---------------------------------------------------------------------------------
Finished IO Insertion : Time (s): cpu = 00:00:28 ; elapsed = 00:00:31 . Memory (MB): peak = 625.883 ; gain = 415.688
---------------------------------------------------------------------------------

Report Check Netlist: 
+------+------------------+-------+---------+-------+------------------+
|      |Item              |Errors |Warnings |Status |Description       |
+------+------------------+-------+---------+-------+------------------+
|1     |multi_driven_nets |      0|        0|Passed |Multi driven nets |
+------+------------------+-------+---------+-------+------------------+
---------------------------------------------------------------------------------
Start Renaming Generated Instances
---------------------------------------------------------------------------------
---------------------------------------------------------------------------------
Finished Renaming Generated Instances : Time (s): cpu = 00:00:28 ; elapsed = 00:00:31 . Memory (MB): peak = 625.883 ; gain = 415.688
---------------------------------------------------------------------------------

Report RTL Partitions: 
+-+--------------+------------+----------+
| |RTL Partition |Replication |Instances |
+-+--------------+------------+----------+
+-+--------------+------------+----------+
---------------------------------------------------------------------------------
Start Rebuilding User Hierarchy
---------------------------------------------------------------------------------
---------------------------------------------------------------------------------
Finished Rebuilding User Hierarchy : Time (s): cpu = 00:00:28 ; elapsed = 00:00:31 . Memory (MB): peak = 625.883 ; gain = 415.688
---------------------------------------------------------------------------------
---------------------------------------------------------------------------------
Start Renaming Generated Ports
---------------------------------------------------------------------------------
---------------------------------------------------------------------------------
Finished Renaming Generated Ports : Time (s): cpu = 00:00:28 ; elapsed = 00:00:31 . Memory (MB): peak = 625.883 ; gain = 415.688
---------------------------------------------------------------------------------
---------------------------------------------------------------------------------
Start Handling Custom Attributes
---------------------------------------------------------------------------------
---------------------------------------------------------------------------------
Finished Handling Custom Attributes : Time (s): cpu = 00:00:28 ; elapsed = 00:00:31 . Memory (MB): peak = 625.883 ; gain = 415.688
---------------------------------------------------------------------------------
---------------------------------------------------------------------------------
Start Renaming Generated Nets
---------------------------------------------------------------------------------
---------------------------------------------------------------------------------
Finished Renaming Generated Nets : Time (s): cpu = 00:00:28 ; elapsed = 00:00:31 . Memory (MB): peak = 625.883 ; gain = 415.688
---------------------------------------------------------------------------------
---------------------------------------------------------------------------------
Start Writing Synthesis Report
---------------------------------------------------------------------------------

Report BlackBoxes: 
+-+--------------+----------+
| |BlackBox name |Instances |
+-+--------------+----------+
+-+--------------+----------+

Report Cell Usage: 
+------+-----+------+
|      |Cell |Count |
+------+-----+------+
|1     |BUFG |     1|
|2     |LUT1 |     2|
|3     |LUT2 |     1|
|4     |LUT3 |     1|
|5     |LUT4 |     1|
|6     |FDCE |     4|
|7     |IBUF |     3|
|8     |OBUF |     4|
+------+-----+------+

Report Instance Areas: 
+------+---------+-------+------+
|      |Instance |Module |Cells |
+------+---------+-------+------+
|1     |top      |       |    17|
+------+---------+-------+------+
---------------------------------------------------------------------------------
Finished Writing Synthesis Report : Time (s): cpu = 00:00:28 ; elapsed = 00:00:31 . Memory (MB): peak = 625.883 ; gain = 415.688
---------------------------------------------------------------------------------
Synthesis finished with 0 errors, 0 critical warnings and 0 warnings.
Synthesis Optimization Runtime : Time (s): cpu = 00:00:15 ; elapsed = 00:00:21 . Memory (MB): peak = 625.883 ; gain = 144.055
Synthesis Optimization Complete : Time (s): cpu = 00:00:28 ; elapsed = 00:00:31 . Memory (MB): peak = 625.883 ; gain = 415.688
INFO: [Project 1-571] Translating synthesized netlist
INFO: [Netlist 29-17] Analyzing 3 Unisim elements for replacement
INFO: [Netlist 29-28] Unisim Transformation completed in 0 CPU seconds
INFO: [Project 1-570] Preparing netlist for logic optimization
INFO: [Opt 31-138] Pushed 0 inverter(s) to 0 load pin(s).
INFO: [Project 1-111] Unisim Transformation Summary:
No Unisim elements were transformed.

INFO: [Common 17-83] Releasing license: Synthesis
15 Infos, 21 Warnings, 21 Critical Warnings and 0 Errors encountered.
synth_design completed successfully
synth_design: Time (s): cpu = 00:00:26 ; elapsed = 00:00:27 . Memory (MB): peak = 639.168 ; gain = 387.789
INFO: [Common 17-1381] The checkpoint 'D:/Code/VHDL/BraitenbergIP/project_1.runs/synth_1/counter.dcp' has been generated.
report_utilization: Time (s): cpu = 00:00:00 ; elapsed = 00:00:00.018 . Memory (MB): peak = 639.168 ; gain = 0.000
INFO: [Common 17-206] Exiting Vivado at Mon Feb 20 19:33:01 2017...
